

*******************************************************************************
Fri Jun 29 15:12:22 2018


FIT:    data read from 'data.txt'
        format = z
        x range restricted to [0.00000 : 1000.00]
        #datapoints = 100
        residuals are weighted equally (unit weight)

function used for fitting: f(x)
	f(x) = a + b/sqrt(x)
fitted parameters initialized with current variable values

iter      chisq       delta/lim  lambda   a             b            
   0 5.4948998742e+01   0.00e+00  7.09e-01    1.000000e+00   1.000000e+00
   4 9.8234215723e-02  -1.20e-04  7.09e-05    3.320592e-02   5.204102e+00

After 4 iterations the fit converged.
final sum of squares of residuals : 0.0982342
rel. change during last iteration : -1.19588e-09

degrees of freedom    (FIT_NDF)                        : 98
rms of residuals      (FIT_STDFIT) = sqrt(WSSR/ndf)    : 0.0316605
variance of residuals (reduced chisquare) = WSSR/ndf   : 0.00100239

Final set of parameters            Asymptotic Standard Error
=======================            ==========================
a               = 0.0332059        +/- 0.00548      (16.5%)
b               = 5.2041           +/- 0.07608      (1.462%)

correlation matrix of the fit parameters:
                a      b      
a               1.000 
b              -0.816  1.000 
